[2025-12-30 13:39:06] [INFO    ] discord.client: logging in using static token
[2025-12-30 13:39:06] [DEBUG   ] discord.http: GET https://discord.com/api/v10/users/@me with None has returned 200
[2025-12-30 13:39:06] [DEBUG   ] discord.http: GET /users/@me has found its initial rate limit bucket hash (78bb8553d9352a5a2f89f9def401287a).
[2025-12-30 13:39:06] [DEBUG   ] discord.http: GET https://discord.com/api/v10/users/@me has received {'id': '1455435960690147349', 'username': 'Notification', 'avatar': None, 'discriminator': '4957', 'public_flags': 0, 'flags': 0, 'bot': True, 'banner': None, 'accent_color': None, 'global_name': None, 'avatar_decoration_data': None, 'collectibles': None, 'display_name_styles': None, 'banner_color': None, 'clan': None, 'primary_guild': None, 'mfa_enabled': False, 'locale': 'en-US', 'premium_type': 0, 'email': None, 'verified': True, 'bio': ''}
[2025-12-30 13:39:07] [DEBUG   ] discord.http: GET https://discord.com/api/v10/oauth2/applications/@me with None has returned 200
[2025-12-30 13:39:07] [DEBUG   ] discord.http: GET /oauth2/applications/@me has found its initial rate limit bucket hash (d28a133af187e91d71d96a223467ce49).
[2025-12-30 13:39:07] [DEBUG   ] discord.http: GET https://discord.com/api/v10/oauth2/applications/@me has received {'id': '1455435960690147349', 'name': 'Notification', 'icon': None, 'description': '', 'type': None, 'bot': {'id': '1455435960690147349', 'username': 'Notification', 'avatar': None, 'discriminator': '4957', 'public_flags': 0, 'flags': 0, 'bot': True, 'banner': None, 'accent_color': None, 'global_name': None, 'avatar_decoration_data': None, 'collectibles': None, 'display_name_styles': None, 'banner_color': None, 'clan': None, 'primary_guild': None}, 'summary': '', 'is_monetized': False, 'is_verified': False, 'is_discoverable': False, 'bot_public': True, 'bot_require_code_grant': False, 'install_params': {'scopes': ['applications.commands', 'bot'], 'permissions': '131072'}, 'integration_types_config': {'0': {'oauth2_install_params': {'scopes': ['applications.commands', 'bot'], 'permissions': '131072'}}, '1': {'oauth2_install_params': {'scopes': ['applications.commands'], 'permissions': '0'}}}, 'verify_key': '933ad26441bee0cf8dd10ace29cf2350a3d8ae73654ae77dda43f3aa3a45479f', 'flags': 524288, 'hook': True, 'storefront_available': False, 'redirect_uris': [], 'interactions_endpoint_url': None, 'role_connections_verification_url': None, 'owner': {'id': '322711536453812244', 'username': 'kaowpunn', 'avatar': '502a3680d23e9f7e0c11bf172b3440b6', 'discriminator': '0', 'public_flags': 64, 'flags': 64, 'banner': 'dedcc9404c7e2ecf734ebb7926d925c4', 'accent_color': None, 'global_name': 'KaowPunn', 'avatar_decoration_data': {'asset': 'a_0714c0941f1229da2b489de6b202efad', 'sku_id': '1440174638930853949', 'expires_at': 1768507200}, 'collectibles': {'nameplate': {'sku_id': '1427463138646954036', 'asset': 'nameplates/orb/magical_mist/', 'label': 'COLLECTIBLES_ORB_MAGIC_MISTS_NP_A11Y', 'palette': 'cobalt'}}, 'display_name_styles': {'font_id': 3, 'effect_id': 3, 'colors': [12790527]}, 'banner_color': None, 'clan': {'identity_guild_id': '1351147666729467936', 'identity_enabled': True, 'tag': 'NoF', 'badge': '58271fb362c4464a4ebead69a2ec0f72'}, 'primary_guild': {'identity_guild_id': '1351147666729467936', 'identity_enabled': True, 'tag': 'NoF', 'badge': '58271fb362c4464a4ebead69a2ec0f72'}}, 'approximate_guild_count': 0, 'approximate_user_install_count': 0, 'approximate_user_authorization_count': 0, 'interactions_event_types': [], 'interactions_version': 1, 'explicit_content_filter': 0, 'rpc_application_state': 0, 'store_application_state': 1, 'verification_state': 1, 'integration_public': True, 'integration_require_code_grant': False, 'discoverability_state': 1, 'discovery_eligibility_flags': 224, 'monetization_state': 1, 'verification_eligibility_flags': 91036, 'monetization_eligibility_flags': 181988, 'bot_approximate_guild_count': 1, 'team': None, 'internal_guild_restriction': 2, 'approved_consoles': [], 'pricing_localization_strategy': 'localized_price_sets'}
[2025-12-30 13:39:07] [DEBUG   ] discord.gateway: Created websocket connected to wss://gateway.discord.gg/
[2025-12-30 13:39:07] [DEBUG   ] discord.gateway: For Shard ID None: WebSocket Event: {'t': None, 's': None, 'op': 10, 'd': {'heartbeat_interval': 41250, '_trace': ['["gateway-prd-arm-us-east1-c-drpt",{"micros":0.0}]']}}
[2025-12-30 13:39:07] [DEBUG   ] discord.gateway: Shard ID None has sent the IDENTIFY payload.
[2025-12-30 13:39:07] [DEBUG   ] discord.gateway: For Shard ID None: WebSocket Event: {'t': None, 's': None, 'op': 11, 'd': None}
[2025-12-30 13:39:08] [DEBUG   ] discord.gateway: For Shard ID None: WebSocket Event: {'t': 'READY', 's': 1, 'op': 0, 'd': {'v': 10, 'user_settings': {}, 'user': {'verified': True, 'username': 'Notification', 'primary_guild': None, 'mfa_enabled': False, 'id': '1455435960690147349', 'global_name': None, 'flags': 0, 'email': None, 'discriminator': '4957', 'clan': None, 'bot': True, 'avatar': None}, 'session_type': 'normal', 'session_id': '698e9be4171456ecd8c253e40c5cfcf4', 'resume_gateway_url': 'wss://gateway-us-east1-c.discord.gg', 'relationships': [], 'private_channels': [], 'presences': [], 'guilds': [{'unavailable': True, 'id': '1455437921527140560'}], 'guild_join_requests': [], 'geo_ordered_rtc_regions': ['singapore', 'hongkong', 'india', 'japan', 'dubai'], 'game_relationships': [], 'auth': {}, 'application': {'id': '1455435960690147349', 'flags': 524288}, '_trace': ['["gateway-prd-arm-us-east1-c-drpt",{"micros":139808,"calls":["id_created",{"micros":908,"calls":[]},"session_lookup_time",{"micros":217,"calls":[]},"session_lookup_finished",{"micros":11,"calls":[]},"discord-sessions-prd-2-29",{"micros":138384,"calls":["start_session",{"micros":109255,"calls":["discord-api-rpc-685f5fd59d-kzg9r",{"micros":58415,"calls":["get_user",{"micros":7618},"get_guilds",{"micros":3435},"send_scheduled_deletion_message",{"micros":33},"guild_join_requests",{"micros":1158},"authorized_ip_coro",{"micros":16},"pending_payments",{"micros":745},"apex_experiments",{"micros":40635},"user_activities",{"micros":9},"played_application_ids",{"micros":8},"linked_users",{"micros":5}]}]},"starting_guild_connect",{"micros":86,"calls":[]},"presence_started",{"micros":28532,"calls":[]},"guilds_started",{"micros":71,"calls":[]},"lobbies_started",{"micros":1,"calls":[]},"guilds_connect",{"micros":1,"calls":[]},"presence_connect",{"micros":415,"calls":[]},"connect_finished",{"micros":424,"calls":[]},"build_ready",{"micros":12,"calls":[]},"clean_ready",{"micros":1,"calls":[]},"optimize_ready",{"micros":0,"calls":[]},"split_ready",{"micros":1,"calls":[]}]}]}]']}}
[2025-12-30 13:39:08] [DEBUG   ] discord.client: Dispatching event socket_event_type
[2025-12-30 13:39:08] [INFO    ] discord.gateway: Shard ID None has connected to Gateway (Session ID: 698e9be4171456ecd8c253e40c5cfcf4).
[2025-12-30 13:39:08] [DEBUG   ] discord.client: Dispatching event connect
[2025-12-30 13:39:08] [DEBUG   ] discord.gateway: For Shard ID None: WebSocket Event: {'t': 'GUILD_CREATE', 's': 2, 'op': 0, 'd': {'afk_timeout': 300, 'rules_channel_id': None, 'joined_at': '2025-12-30T06:22:28.002812+00:00', 'public_updates_channel_id': None, 'max_members': 25000000, 'roles': [{'version': 1767073841406, 'unicode_emoji': None, 'tags': {}, 'position': 0, 'permissions': '2248473465835073', 'name': '@everyone', 'mentionable': False, 'managed': False, 'id': '1455437921527140560', 'icon': None, 'hoist': False, 'flags': 0, 'colors': {'tertiary_color': None, 'secondary_color': None, 'primary_color': 0}, 'color': 0}, {'version': 1767075761888, 'unicode_emoji': None, 'tags': {'bot_id': '1455435960690147349'}, 'position': 1, 'permissions': '142336', 'name': 'Notification', 'mentionable': False, 'managed': True, 'id': '1455445918848389168', 'icon': None, 'hoist': False, 'flags': 0, 'colors': {'tertiary_color': None, 'secondary_color': None, 'primary_color': 0}, 'color': 0}], 'incidents_data': None, 'inventory_settings': None, 'stage_instances': [], 'profile': None, 'safety_alerts_channel_id': None, 'moderator_reporting': None, 'vanity_url_code': None, 'region': 'deprecated', 'max_video_channel_users': 25, 'max_stage_video_channel_users': 50, 'premium_progress_bar_enabled': False, 'channels': [{'version': 1767073841411, 'type': 4, 'position': 0, 'permission_overwrites': [], 'name': 'Text Channels', 'id': '1455437922319859754', 'flags': 0}, {'version': 1767073841416, 'type': 4, 'position': 0, 'permission_overwrites': [], 'name': 'Voice Channels', 'id': '1455437922319859755', 'flags': 0}, {'version': 1767073841423, 'type': 0, 'topic': None, 'rate_limit_per_user': 0, 'position': 0, 'permission_overwrites': [], 'parent_id': '1455437922319859754', 'name': 'general', 'last_message_id': '1455449971250823352', 'id': '1455437922319859756', 'icon_emoji': {'name': '👋', 'id': None}, 'flags': 0}, {'version': 1767073841427, 'user_limit': 0, 'type': 2, 'rtc_region': None, 'rate_limit_per_user': 0, 'position': 0, 'permission_overwrites': [], 'parent_id': '1455437922319859755', 'name': 'General', 'last_message_id': None, 'id': '1455437922319859758', 'icon_emoji': {'name': '🎙', 'id': None}, 'flags': 0, 'bitrate': 64000}], 'embedded_activities': [], 'voice_states': [], 'afk_channel_id': None, 'soundboard_sounds': [], 'id': '1455437921527140560', 'application_id': None, 'stickers': [], 'emojis': [], 'default_message_notifications': 0, 'application_command_counts': {}, 'unavailable': False, 'name': "KaowPunn's server", 'premium_features': None, 'lazy': True, 'explicit_content_filter': 0, 'threads': [], 'verification_level': 0, 'premium_tier': 0, 'large': False, 'system_channel_id': '1455437922319859756', 'system_channel_flags': 0, 'owner_id': '322711536453812244', 'description': None, 'guild_scheduled_events': [], 'discovery_splash': None, 'home_header': None, 'premium_subscription_count': 0, 'features': [], 'latest_onboarding_question_id': None, 'owner_configured_content_level': 0, 'activity_instances': [], 'hub_type': None, 'nsfw': False, 'mfa_level': 0, 'icon': None, 'splash': None, 'version': 1767073841433, 'member_count': 3, 'members': [{'user': {'username': 'Notification', 'public_flags': 0, 'primary_guild': None, 'id': '1455435960690147349', 'global_name': None, 'display_name_styles': None, 'display_name': None, 'discriminator': '4957', 'collectibles': None, 'bot': True, 'avatar_decoration_data': None, 'avatar': None}, 'roles': ['1455445918848389168'], 'premium_since': None, 'pending': False, 'nick': None, 'mute': False, 'joined_at': '2025-12-30T06:22:28.002812+00:00', 'flags': 0, 'deaf': False, 'communication_disabled_until': None, 'banner': None, 'avatar': None}], 'nsfw_level': 0, 'presences': [], 'banner': None, 'preferred_locale': 'en-US'}}
[2025-12-30 13:39:08] [DEBUG   ] discord.client: Dispatching event socket_event_type
[2025-12-30 13:39:08] [DEBUG   ] discord.client: Dispatching event guild_available
[2025-12-30 13:39:10] [DEBUG   ] discord.client: Dispatching event ready
[2025-12-30 13:39:18] [DEBUG   ] discord.gateway: For Shard ID None: WebSocket Event: {'t': 'MESSAGE_CREATE', 's': 3, 'op': 0, 'd': {'type': 0, 'tts': False, 'timestamp': '2025-12-30T06:39:18.562000+00:00', 'pinned': False, 'nonce': '1455450156609568768', 'mentions': [], 'mention_roles': [], 'mention_everyone': False, 'member': {'roles': [], 'premium_since': None, 'pending': False, 'nick': None, 'mute': False, 'joined_at': '2025-12-30T05:50:41.301000+00:00', 'flags': 0, 'deaf': False, 'communication_disabled_until': None, 'banner': None, 'avatar': None}, 'id': '1455450157742162080', 'flags': 0, 'embeds': [], 'edited_timestamp': None, 'content': 'test', 'components': [], 'channel_type': 0, 'channel_id': '1455437922319859756', 'author': {'username': 'kaowpunn', 'public_flags': 64, 'primary_guild': {'tag': 'NoF', 'identity_guild_id': '1351147666729467936', 'identity_enabled': True, 'badge': '58271fb362c4464a4ebead69a2ec0f72'}, 'id': '322711536453812244', 'global_name': 'KaowPunn', 'display_name_styles': {'font_id': 3, 'effect_id': 3, 'colors': [12790527]}, 'discriminator': '0', 'collectibles': {'nameplate': {'sku_id': '1427463138646954036', 'palette': 'cobalt', 'label': 'COLLECTIBLES_ORB_MAGIC_MISTS_NP_A11Y', 'expires_at': None, 'asset': 'nameplates/orb/magical_mist/'}}, 'clan': {'tag': 'NoF', 'identity_guild_id': '1351147666729467936', 'identity_enabled': True, 'badge': '58271fb362c4464a4ebead69a2ec0f72'}, 'avatar_decoration_data': {'sku_id': '1440174638930853949', 'expires_at': 1768507200, 'asset': 'a_0714c0941f1229da2b489de6b202efad'}, 'avatar': '502a3680d23e9f7e0c11bf172b3440b6'}, 'attachments': [], 'guild_id': '1455437921527140560'}}
[2025-12-30 13:39:18] [DEBUG   ] discord.client: Dispatching event socket_event_type
[2025-12-30 13:39:18] [DEBUG   ] discord.client: Dispatching event message
[2025-12-30 13:39:18] [DEBUG   ] discord.gateway: For Shard ID None: WebSocket Event: {'t': 'MESSAGE_CREATE', 's': 4, 'op': 0, 'd': {'type': 0, 'tts': False, 'timestamp': '2025-12-30T06:39:18.887000+00:00', 'pinned': False, 'nonce': '17045657960735867579', 'mentions': [], 'mention_roles': [], 'mention_everyone': True, 'member': {'roles': ['1455445918848389168'], 'premium_since': None, 'pending': False, 'nick': None, 'mute': False, 'joined_at': '2025-12-30T06:22:28.002812+00:00', 'flags': 0, 'deaf': False, 'communication_disabled_until': None, 'banner': None, 'avatar': None}, 'id': '1455450159105441946', 'flags': 0, 'embeds': [], 'edited_timestamp': None, 'content': '@here', 'components': [], 'channel_type': 0, 'channel_id': '1455437922319859756', 'author': {'username': 'Notification', 'public_flags': 0, 'primary_guild': None, 'id': '1455435960690147349', 'global_name': None, 'display_name_styles': None, 'discriminator': '4957', 'collectibles': None, 'clan': None, 'bot': True, 'avatar_decoration_data': None, 'avatar': None}, 'attachments': [], 'guild_id': '1455437921527140560'}}
[2025-12-30 13:39:18] [DEBUG   ] discord.client: Dispatching event socket_event_type
[2025-12-30 13:39:18] [DEBUG   ] discord.client: Dispatching event message
[2025-12-30 13:39:19] [DEBUG   ] discord.http: POST https://discord.com/api/v10/channels/1455437922319859756/messages with {"content":"@here","components":[],"nonce":"17045657960735867579","enforce_nonce":true,"tts":false} has returned 200
[2025-12-30 13:39:19] [DEBUG   ] discord.http: POST /channels/{channel_id}/messages has found its initial rate limit bucket hash (3df15bae86f6647dd4dfcbd5c6949480).
[2025-12-30 13:39:19] [DEBUG   ] discord.http: POST https://discord.com/api/v10/channels/1455437922319859756/messages has received {'type': 0, 'content': '@here', 'mentions': [], 'mention_roles': [], 'attachments': [], 'embeds': [], 'timestamp': '2025-12-30T06:39:18.887000+00:00', 'edited_timestamp': None, 'flags': 0, 'components': [], 'id': '1455450159105441946', 'channel_id': '1455437922319859756', 'author': {'id': '1455435960690147349', 'username': 'Notification', 'avatar': None, 'discriminator': '4957', 'public_flags': 0, 'flags': 0, 'bot': True, 'banner': None, 'accent_color': None, 'global_name': None, 'avatar_decoration_data': None, 'collectibles': None, 'display_name_styles': None, 'banner_color': None, 'clan': None, 'primary_guild': None}, 'pinned': False, 'mention_everyone': True, 'tts': False, 'nonce': '17045657960735867579'}
[2025-12-30 13:39:20] [DEBUG   ] discord.gateway: For Shard ID None: WebSocket Event: {'t': 'MESSAGE_DELETE', 's': 5, 'op': 0, 'd': {'id': '1455450159105441946', 'channel_id': '1455437922319859756', 'guild_id': '1455437921527140560'}}
[2025-12-30 13:39:20] [DEBUG   ] discord.client: Dispatching event socket_event_type
[2025-12-30 13:39:20] [DEBUG   ] discord.client: Dispatching event raw_message_delete
[2025-12-30 13:39:20] [DEBUG   ] discord.client: Dispatching event message_delete
[2025-12-30 13:39:20] [DEBUG   ] discord.http: DELETE https://discord.com/api/v10/channels/1455437922319859756/messages/1455450159105441946 with None has returned 204
[2025-12-30 13:39:20] [DEBUG   ] discord.http: DELETE /channels/{channel_id}/messages/{message_id}:sub-10-seconds has found its initial rate limit bucket hash (3df15bae86f6647dd4dfcbd5c6949480).
[2025-12-30 13:39:20] [DEBUG   ] discord.http: DELETE https://discord.com/api/v10/channels/1455437922319859756/messages/1455450159105441946 has received 
[2025-12-30 13:39:23] [DEBUG   ] discord.gateway: For Shard ID None: WebSocket Event: {'t': 'MESSAGE_DELETE', 's': 6, 'op': 0, 'd': {'id': '1455449971250823352', 'channel_id': '1455437922319859756', 'guild_id': '1455437921527140560'}}
[2025-12-30 13:39:23] [DEBUG   ] discord.client: Dispatching event socket_event_type
[2025-12-30 13:39:23] [DEBUG   ] discord.client: Dispatching event raw_message_delete
[2025-12-30 13:39:26] [DEBUG   ] discord.gateway: For Shard ID None: WebSocket Event: {'t': 'MESSAGE_DELETE', 's': 7, 'op': 0, 'd': {'id': '1455449950241427456', 'channel_id': '1455437922319859756', 'guild_id': '1455437921527140560'}}
[2025-12-30 13:39:26] [DEBUG   ] discord.client: Dispatching event socket_event_type
[2025-12-30 13:39:26] [DEBUG   ] discord.client: Dispatching event raw_message_delete
[2025-12-30 13:39:29] [DEBUG   ] discord.gateway: For Shard ID None: WebSocket Event: {'t': 'MESSAGE_DELETE', 's': 8, 'op': 0, 'd': {'id': '1455449948794519573', 'channel_id': '1455437922319859756', 'guild_id': '1455437921527140560'}}
[2025-12-30 13:39:29] [DEBUG   ] discord.client: Dispatching event socket_event_type
[2025-12-30 13:39:29] [DEBUG   ] discord.client: Dispatching event raw_message_delete
[2025-12-30 13:39:32] [DEBUG   ] discord.gateway: For Shard ID None: WebSocket Event: {'t': 'MESSAGE_DELETE', 's': 9, 'op': 0, 'd': {'id': '1455449970156109825', 'channel_id': '1455437922319859756', 'guild_id': '1455437921527140560'}}
[2025-12-30 13:39:32] [DEBUG   ] discord.client: Dispatching event socket_event_type
[2025-12-30 13:39:32] [DEBUG   ] discord.client: Dispatching event raw_message_delete
[2025-12-30 13:39:35] [DEBUG   ] discord.gateway: For Shard ID None: WebSocket Event: {'t': 'MESSAGE_DELETE', 's': 10, 'op': 0, 'd': {'id': '1455450157742162080', 'channel_id': '1455437922319859756', 'guild_id': '1455437921527140560'}}
[2025-12-30 13:39:35] [DEBUG   ] discord.client: Dispatching event socket_event_type
[2025-12-30 13:39:35] [DEBUG   ] discord.client: Dispatching event raw_message_delete
[2025-12-30 13:39:35] [DEBUG   ] discord.client: Dispatching event message_delete
[2025-12-30 13:39:36] [DEBUG   ] discord.gateway: For Shard ID None: WebSocket Event: {'t': 'GUILD_UPDATE', 's': 11, 'op': 0, 'd': {'owner_configured_content_level': 0, 'id': '1455437921527140560', 'verification_level': 0, 'preferred_locale': 'en-US', 'guild_id': '1455437921527140560', 'afk_channel_id': None, 'inventory_settings': None, 'vanity_url_code': None, 'splash': None, 'icon': None, 'widget_enabled': False, 'rules_channel_id': None, 'premium_tier': 0, 'nsfw': False, 'system_channel_flags': 0, 'system_channel_id': '1455437922319859756', 'version': 1767076776254, 'max_members': 25000000, 'afk_timeout': 300, 'application_id': None, 'hub_type': None, 'latest_onboarding_question_id': None, 'banner': None, 'nsfw_level': 0, 'max_stage_video_channel_users': 50, 'max_video_channel_users': 25, 'premium_subscription_count': 0, 'region': 'deprecated', 'features': [], 'premium_progress_bar_enabled': False, 'safety_alerts_channel_id': None, 'description': None, 'roles': [{'version': 1767073841406, 'unicode_emoji': None, 'position': 0, 'permissions': '2248473465835073', 'name': '@everyone', 'mentionable': False, 'managed': False, 'id': '1455437921527140560', 'icon': None, 'hoist': False, 'flags': 0, 'description': None, 'colors': {'tertiary_color': None, 'secondary_color': None, 'primary_color': 0}, 'color': 0}, {'version': 1767075761888, 'unicode_emoji': None, 'tags': {'bot_id': '1455435960690147349'}, 'position': 1, 'permissions': '142336', 'name': 'Notification', 'mentionable': False, 'managed': True, 'id': '1455445918848389168', 'icon': None, 'hoist': False, 'flags': 0, 'description': None, 'colors': {'tertiary_color': None, 'secondary_color': None, 'primary_color': 0}, 'color': 0}], 'owner_id': '322711536453812244', 'incidents_data': None, 'emojis': [], 'public_updates_channel_id': None, 'widget_channel_id': None, 'home_header': None, 'stickers': [], 'discovery_splash': None, 'explicit_content_filter': 0, 'default_message_notifications': 0, 'mfa_level': 0, 'name': "KaowPunn's server", 'max_presences': None}}
[2025-12-30 13:39:36] [DEBUG   ] discord.client: Dispatching event socket_event_type
[2025-12-30 13:39:36] [DEBUG   ] discord.client: Dispatching event guild_update
[2025-12-30 13:39:40] [DEBUG   ] discord.gateway: For Shard ID None: WebSocket Event: {'t': 'CHANNEL_CREATE', 's': 12, 'op': 0, 'd': {'version': 1767076780345, 'type': 0, 'topic': None, 'rate_limit_per_user': 0, 'position': 1, 'permission_overwrites': [], 'parent_id': '1455437922319859754', 'nsfw': False, 'name': 'test', 'last_message_id': None, 'id': '1455450249077199024', 'guild_id': '1455437921527140560', 'flags': 0}}
[2025-12-30 13:39:40] [DEBUG   ] discord.client: Dispatching event socket_event_type
[2025-12-30 13:39:40] [DEBUG   ] discord.client: Dispatching event guild_channel_create
[2025-12-30 13:39:42] [DEBUG   ] discord.gateway: For Shard ID None: WebSocket Event: {'t': 'MESSAGE_CREATE', 's': 13, 'op': 0, 'd': {'type': 0, 'tts': False, 'timestamp': '2025-12-30T06:39:42.046000+00:00', 'pinned': False, 'nonce': '1455450254991163392', 'mentions': [], 'mention_roles': [], 'mention_everyone': False, 'member': {'roles': [], 'premium_since': None, 'pending': False, 'nick': None, 'mute': False, 'joined_at': '2025-12-30T05:50:41.301000+00:00', 'flags': 0, 'deaf': False, 'communication_disabled_until': None, 'banner': None, 'avatar': None}, 'id': '1455450256241332408', 'flags': 0, 'embeds': [], 'edited_timestamp': None, 'content': 'test', 'components': [], 'channel_type': 0, 'channel_id': '1455450249077199024', 'author': {'username': 'kaowpunn', 'public_flags': 64, 'primary_guild': {'tag': 'NoF', 'identity_guild_id': '1351147666729467936', 'identity_enabled': True, 'badge': '58271fb362c4464a4ebead69a2ec0f72'}, 'id': '322711536453812244', 'global_name': 'KaowPunn', 'display_name_styles': {'font_id': 3, 'effect_id': 3, 'colors': [12790527]}, 'discriminator': '0', 'collectibles': {'nameplate': {'sku_id': '1427463138646954036', 'palette': 'cobalt', 'label': 'COLLECTIBLES_ORB_MAGIC_MISTS_NP_A11Y', 'expires_at': None, 'asset': 'nameplates/orb/magical_mist/'}}, 'clan': {'tag': 'NoF', 'identity_guild_id': '1351147666729467936', 'identity_enabled': True, 'badge': '58271fb362c4464a4ebead69a2ec0f72'}, 'avatar_decoration_data': {'sku_id': '1440174638930853949', 'expires_at': 1768507200, 'asset': 'a_0714c0941f1229da2b489de6b202efad'}, 'avatar': '502a3680d23e9f7e0c11bf172b3440b6'}, 'attachments': [], 'guild_id': '1455437921527140560'}}
[2025-12-30 13:39:42] [DEBUG   ] discord.client: Dispatching event socket_event_type
[2025-12-30 13:39:42] [DEBUG   ] discord.client: Dispatching event message
[2025-12-30 13:39:42] [DEBUG   ] discord.gateway: For Shard ID None: WebSocket Event: {'t': 'MESSAGE_CREATE', 's': 14, 'op': 0, 'd': {'type': 0, 'tts': False, 'timestamp': '2025-12-30T06:39:42.388000+00:00', 'pinned': False, 'nonce': '16083907519848208336', 'mentions': [], 'mention_roles': [], 'mention_everyone': True, 'member': {'roles': ['1455445918848389168'], 'premium_since': None, 'pending': False, 'nick': None, 'mute': False, 'joined_at': '2025-12-30T06:22:28.002812+00:00', 'flags': 0, 'deaf': False, 'communication_disabled_until': None, 'banner': None, 'avatar': None}, 'id': '1455450257675649046', 'flags': 0, 'embeds': [], 'edited_timestamp': None, 'content': '@here', 'components': [], 'channel_type': 0, 'channel_id': '1455450249077199024', 'author': {'username': 'Notification', 'public_flags': 0, 'primary_guild': None, 'id': '1455435960690147349', 'global_name': None, 'display_name_styles': None, 'discriminator': '4957', 'collectibles': None, 'clan': None, 'bot': True, 'avatar_decoration_data': None, 'avatar': None}, 'attachments': [], 'guild_id': '1455437921527140560'}}
[2025-12-30 13:39:42] [DEBUG   ] discord.client: Dispatching event socket_event_type
[2025-12-30 13:39:42] [DEBUG   ] discord.client: Dispatching event message
[2025-12-30 13:39:42] [DEBUG   ] discord.http: POST https://discord.com/api/v10/channels/1455450249077199024/messages with {"content":"@here","components":[],"nonce":"16083907519848208336","enforce_nonce":true,"tts":false} has returned 200
[2025-12-30 13:39:42] [DEBUG   ] discord.http: POST https://discord.com/api/v10/channels/1455450249077199024/messages has received {'type': 0, 'content': '@here', 'mentions': [], 'mention_roles': [], 'attachments': [], 'embeds': [], 'timestamp': '2025-12-30T06:39:42.388000+00:00', 'edited_timestamp': None, 'flags': 0, 'components': [], 'id': '1455450257675649046', 'channel_id': '1455450249077199024', 'author': {'id': '1455435960690147349', 'username': 'Notification', 'avatar': None, 'discriminator': '4957', 'public_flags': 0, 'flags': 0, 'bot': True, 'banner': None, 'accent_color': None, 'global_name': None, 'avatar_decoration_data': None, 'collectibles': None, 'display_name_styles': None, 'banner_color': None, 'clan': None, 'primary_guild': None}, 'pinned': False, 'mention_everyone': True, 'tts': False, 'nonce': '16083907519848208336'}
[2025-12-30 13:39:44] [DEBUG   ] discord.gateway: For Shard ID None: WebSocket Event: {'t': 'MESSAGE_DELETE', 's': 15, 'op': 0, 'd': {'id': '1455450257675649046', 'channel_id': '1455450249077199024', 'guild_id': '1455437921527140560'}}
[2025-12-30 13:39:44] [DEBUG   ] discord.client: Dispatching event socket_event_type
[2025-12-30 13:39:44] [DEBUG   ] discord.client: Dispatching event raw_message_delete
[2025-12-30 13:39:44] [DEBUG   ] discord.client: Dispatching event message_delete
[2025-12-30 13:39:44] [DEBUG   ] discord.http: DELETE https://discord.com/api/v10/channels/1455450249077199024/messages/1455450257675649046 with None has returned 204
[2025-12-30 13:39:44] [DEBUG   ] discord.http: DELETE https://discord.com/api/v10/channels/1455450249077199024/messages/1455450257675649046 has received 
[2025-12-30 13:39:46] [DEBUG   ] discord.gateway: For Shard ID None: WebSocket Event: {'t': 'MESSAGE_DELETE', 's': 16, 'op': 0, 'd': {'id': '1455450256241332408', 'channel_id': '1455450249077199024', 'guild_id': '1455437921527140560'}}
[2025-12-30 13:39:46] [DEBUG   ] discord.client: Dispatching event socket_event_type
[2025-12-30 13:39:46] [DEBUG   ] discord.client: Dispatching event raw_message_delete
[2025-12-30 13:39:46] [DEBUG   ] discord.client: Dispatching event message_delete
[2025-12-30 13:39:48] [DEBUG   ] discord.gateway: Keeping shard ID None websocket alive with sequence 16.
[2025-12-30 13:39:49] [DEBUG   ] discord.gateway: For Shard ID None: WebSocket Event: {'t': None, 's': None, 'op': 11, 'd': None}
[2025-12-30 13:39:50] [DEBUG   ] discord.gateway: For Shard ID None: WebSocket Event: {'t': 'CHANNEL_DELETE', 's': 17, 'op': 0, 'd': {'version': 1767076790704, 'type': 0, 'topic': None, 'rate_limit_per_user': 0, 'position': 1, 'permission_overwrites': [], 'parent_id': '1455437922319859754', 'nsfw': False, 'name': 'test', 'last_message_id': '1455450257675649046', 'id': '1455450249077199024', 'guild_id': '1455437921527140560', 'flags': 0}}
[2025-12-30 13:39:50] [DEBUG   ] discord.client: Dispatching event socket_event_type
[2025-12-30 13:39:50] [DEBUG   ] discord.client: Dispatching event guild_channel_delete
[2025-12-30 13:40:30] [DEBUG   ] discord.gateway: Keeping shard ID None websocket alive with sequence 17.
[2025-12-30 13:40:30] [DEBUG   ] discord.gateway: For Shard ID None: WebSocket Event: {'t': None, 's': None, 'op': 11, 'd': None}
[2025-12-30 13:41:11] [DEBUG   ] discord.gateway: Keeping shard ID None websocket alive with sequence 17.
[2025-12-30 13:41:11] [DEBUG   ] discord.gateway: For Shard ID None: WebSocket Event: {'t': None, 's': None, 'op': 11, 'd': None}
[2025-12-30 13:41:52] [DEBUG   ] discord.gateway: Keeping shard ID None websocket alive with sequence 17.
[2025-12-30 13:41:52] [DEBUG   ] discord.gateway: For Shard ID None: WebSocket Event: {'t': None, 's': None, 'op': 11, 'd': None}
[2025-12-30 13:42:33] [DEBUG   ] discord.gateway: Keeping shard ID None websocket alive with sequence 17.
[2025-12-30 13:42:34] [DEBUG   ] discord.gateway: For Shard ID None: WebSocket Event: {'t': None, 's': None, 'op': 11, 'd': None}
[2025-12-30 13:43:15] [DEBUG   ] discord.gateway: Keeping shard ID None websocket alive with sequence 17.
[2025-12-30 13:43:15] [DEBUG   ] discord.gateway: For Shard ID None: WebSocket Event: {'t': None, 's': None, 'op': 11, 'd': None}
[2025-12-30 13:43:56] [DEBUG   ] discord.gateway: Keeping shard ID None websocket alive with sequence 17.
[2025-12-30 13:43:56] [DEBUG   ] discord.gateway: For Shard ID None: WebSocket Event: {'t': None, 's': None, 'op': 11, 'd': None}
[2025-12-30 13:44:37] [DEBUG   ] discord.gateway: Keeping shard ID None websocket alive with sequence 17.
[2025-12-30 13:44:37] [DEBUG   ] discord.gateway: For Shard ID None: WebSocket Event: {'t': None, 's': None, 'op': 11, 'd': None}
[2025-12-30 13:45:18] [DEBUG   ] discord.gateway: Keeping shard ID None websocket alive with sequence 17.
[2025-12-30 13:45:19] [DEBUG   ] discord.gateway: For Shard ID None: WebSocket Event: {'t': None, 's': None, 'op': 11, 'd': None}
[2025-12-30 13:46:00] [DEBUG   ] discord.gateway: Keeping shard ID None websocket alive with sequence 17.
[2025-12-30 13:46:00] [DEBUG   ] discord.gateway: For Shard ID None: WebSocket Event: {'t': None, 's': None, 'op': 11, 'd': None}
[2025-12-30 13:46:41] [DEBUG   ] discord.gateway: Keeping shard ID None websocket alive with sequence 17.
[2025-12-30 13:46:41] [DEBUG   ] discord.gateway: For Shard ID None: WebSocket Event: {'t': None, 's': None, 'op': 11, 'd': None}
[2025-12-30 13:47:22] [DEBUG   ] discord.gateway: Keeping shard ID None websocket alive with sequence 17.
[2025-12-30 13:47:22] [DEBUG   ] discord.gateway: For Shard ID None: WebSocket Event: {'t': None, 's': None, 'op': 11, 'd': None}
[2025-12-30 13:48:03] [DEBUG   ] discord.gateway: Keeping shard ID None websocket alive with sequence 17.
[2025-12-30 13:48:04] [DEBUG   ] discord.gateway: For Shard ID None: WebSocket Event: {'t': None, 's': None, 'op': 11, 'd': None}
[2025-12-30 13:48:45] [DEBUG   ] discord.gateway: Keeping shard ID None websocket alive with sequence 17.
[2025-12-30 13:48:45] [DEBUG   ] discord.gateway: For Shard ID None: WebSocket Event: {'t': None, 's': None, 'op': 11, 'd': None}
[2025-12-30 13:49:26] [DEBUG   ] discord.gateway: Keeping shard ID None websocket alive with sequence 17.
[2025-12-30 13:49:26] [DEBUG   ] discord.gateway: For Shard ID None: WebSocket Event: {'t': None, 's': None, 'op': 11, 'd': None}
[2025-12-30 13:50:07] [DEBUG   ] discord.gateway: Keeping shard ID None websocket alive with sequence 17.
[2025-12-30 13:50:08] [DEBUG   ] discord.gateway: For Shard ID None: WebSocket Event: {'t': None, 's': None, 'op': 11, 'd': None}
[2025-12-30 13:50:48] [DEBUG   ] discord.gateway: Keeping shard ID None websocket alive with sequence 17.
[2025-12-30 13:50:49] [DEBUG   ] discord.gateway: For Shard ID None: WebSocket Event: {'t': None, 's': None, 'op': 11, 'd': None}
[2025-12-30 13:51:30] [DEBUG   ] discord.gateway: Keeping shard ID None websocket alive with sequence 17.
[2025-12-30 13:51:30] [DEBUG   ] discord.gateway: For Shard ID None: WebSocket Event: {'t': None, 's': None, 'op': 11, 'd': None}
[2025-12-30 13:52:11] [DEBUG   ] discord.gateway: Keeping shard ID None websocket alive with sequence 17.
[2025-12-30 13:52:11] [DEBUG   ] discord.gateway: For Shard ID None: WebSocket Event: {'t': None, 's': None, 'op': 11, 'd': None}
[2025-12-30 13:52:52] [DEBUG   ] discord.gateway: Keeping shard ID None websocket alive with sequence 17.
[2025-12-30 13:52:53] [DEBUG   ] discord.gateway: For Shard ID None: WebSocket Event: {'t': None, 's': None, 'op': 11, 'd': None}
